[2026-02-21 06:50:04,915] INFO daphne.cli cli.run:268 — Starting server at tcp:port=8012:interface=192.168.2.76
[2026-02-21 06:50:04,915] INFO daphne.server server.run:120 — HTTP/2 support not enabled (install the http2 and tls Twisted extras)
[2026-02-21 06:50:04,915] INFO daphne.server server.run:129 — Configuring endpoint tcp:port=8012:interface=192.168.2.76
[2026-02-21 06:50:04,916] INFO daphne.server server.listen_success:160 — Listening on TCP address 192.168.2.76:8012
[2026-02-21 06:50:14,012] ERROR django.security.DisallowedHost log.log_response:246 — Invalid HTTP_HOST header: 'jeyarama.com'. You may need to add 'jeyarama.com' to ALLOWED_HOSTS.
Traceback (most recent call last):
  File "/opt/jerish/Projects/Customer_Ticketing/env/lib64/python3.12/site-packages/django/core/handlers/exception.py", line 55, in inner
    response = get_response(request)
               ^^^^^^^^^^^^^^^^^^^^^
  File "/opt/jerish/Projects/Customer_Ticketing/env/lib64/python3.12/site-packages/django/utils/deprecation.py", line 133, in __call__
    response = self.process_request(request)
               ^^^^^^^^^^^^^^^^^^^^^^^^^^^^^
  File "/opt/jerish/Projects/Customer_Ticketing/env/lib64/python3.12/site-packages/django/middleware/common.py", line 48, in process_request
    host = request.get_host()
           ^^^^^^^^^^^^^^^^^^
  File "/opt/jerish/Projects/Customer_Ticketing/env/lib64/python3.12/site-packages/django/http/request.py", line 150, in get_host
    raise DisallowedHost(msg)
django.core.exceptions.DisallowedHost: Invalid HTTP_HOST header: 'jeyarama.com'. You may need to add 'jeyarama.com' to ALLOWED_HOSTS.
[2026-02-21 06:51:36,153] ERROR django.security.DisallowedHost log.log_response:246 — Invalid HTTP_HOST header: 'jeyarama.com'. You may need to add 'jeyarama.com' to ALLOWED_HOSTS.
Traceback (most recent call last):
  File "/opt/jerish/Projects/Customer_Ticketing/env/lib64/python3.12/site-packages/django/core/handlers/exception.py", line 55, in inner
    response = get_response(request)
               ^^^^^^^^^^^^^^^^^^^^^
  File "/opt/jerish/Projects/Customer_Ticketing/env/lib64/python3.12/site-packages/django/utils/deprecation.py", line 133, in __call__
    response = self.process_request(request)
               ^^^^^^^^^^^^^^^^^^^^^^^^^^^^^
  File "/opt/jerish/Projects/Customer_Ticketing/env/lib64/python3.12/site-packages/django/middleware/common.py", line 48, in process_request
    host = request.get_host()
           ^^^^^^^^^^^^^^^^^^
  File "/opt/jerish/Projects/Customer_Ticketing/env/lib64/python3.12/site-packages/django/http/request.py", line 150, in get_host
    raise DisallowedHost(msg)
django.core.exceptions.DisallowedHost: Invalid HTTP_HOST header: 'jeyarama.com'. You may need to add 'jeyarama.com' to ALLOWED_HOSTS.
[2026-02-21 06:51:41,456] INFO daphne.server server.kill_all_applications:322 — Killed 0 pending application instances
[2026-02-21 06:51:43,176] INFO daphne.cli cli.run:268 — Starting server at tcp:port=8012:interface=192.168.2.76
[2026-02-21 06:51:43,177] INFO daphne.server server.run:120 — HTTP/2 support not enabled (install the http2 and tls Twisted extras)
[2026-02-21 06:51:43,177] INFO daphne.server server.run:129 — Configuring endpoint tcp:port=8012:interface=192.168.2.76
[2026-02-21 06:51:43,178] INFO daphne.server server.listen_success:160 — Listening on TCP address 192.168.2.76:8012
[2026-02-21 06:51:53,514] ERROR django.request log.log_response:246 — Internal Server Error: /accounts/login/
Traceback (most recent call last):
  File "/opt/jerish/Projects/Customer_Ticketing/env/lib64/python3.12/site-packages/asgiref/sync.py", line 557, in thread_handler
    raise exc_info[1]
  File "/opt/jerish/Projects/Customer_Ticketing/env/lib64/python3.12/site-packages/django/core/handlers/exception.py", line 42, in inner
    response = await get_response(request)
               ^^^^^^^^^^^^^^^^^^^^^^^^^^^
  File "/opt/jerish/Projects/Customer_Ticketing/env/lib64/python3.12/site-packages/asgiref/sync.py", line 557, in thread_handler
    raise exc_info[1]
  File "/opt/jerish/Projects/Customer_Ticketing/env/lib64/python3.12/site-packages/django/core/handlers/base.py", line 253, in _get_response_async
    response = await wrapped_callback(
               ^^^^^^^^^^^^^^^^^^^^^^^
  File "/opt/jerish/Projects/Customer_Ticketing/env/lib64/python3.12/site-packages/asgiref/sync.py", line 506, in __call__
    ret = await asyncio.shield(exec_coro)
          ^^^^^^^^^^^^^^^^^^^^^^^^^^^^^^^
  File "/opt/jerish/Projects/Customer_Ticketing/env/lib64/python3.12/site-packages/asgiref/current_thread_executor.py", line 40, in run
    result = self.fn(*self.args, **self.kwargs)
             ^^^^^^^^^^^^^^^^^^^^^^^^^^^^^^^^^^
  File "/opt/jerish/Projects/Customer_Ticketing/env/lib64/python3.12/site-packages/asgiref/sync.py", line 561, in thread_handler
    return func(*args, **kwargs)
           ^^^^^^^^^^^^^^^^^^^^^
  File "/opt/jerish/Projects/Customer_Ticketing/accounts/views.py", line 35, in login_view
    return render(request, 'accounts/login.html')
           ^^^^^^^^^^^^^^^^^^^^^^^^^^^^^^^^^^^^^^
  File "/opt/jerish/Projects/Customer_Ticketing/env/lib64/python3.12/site-packages/django/shortcuts.py", line 24, in render
    content = loader.render_to_string(template_name, context, request, using=using)
              ^^^^^^^^^^^^^^^^^^^^^^^^^^^^^^^^^^^^^^^^^^^^^^^^^^^^^^^^^^^^^^^^^^^^^
  File "/opt/jerish/Projects/Customer_Ticketing/env/lib64/python3.12/site-packages/django/template/loader.py", line 62, in render_to_string
    return template.render(context, request)
           ^^^^^^^^^^^^^^^^^^^^^^^^^^^^^^^^^
  File "/opt/jerish/Projects/Customer_Ticketing/env/lib64/python3.12/site-packages/django/template/backends/django.py", line 61, in render
    return self.template.render(context)
           ^^^^^^^^^^^^^^^^^^^^^^^^^^^^^
  File "/opt/jerish/Projects/Customer_Ticketing/env/lib64/python3.12/site-packages/django/template/base.py", line 175, in render
    return self._render(context)
           ^^^^^^^^^^^^^^^^^^^^^
  File "/opt/jerish/Projects/Customer_Ticketing/env/lib64/python3.12/site-packages/django/template/base.py", line 167, in _render
    return self.nodelist.render(context)
           ^^^^^^^^^^^^^^^^^^^^^^^^^^^^^
  File "/opt/jerish/Projects/Customer_Ticketing/env/lib64/python3.12/site-packages/django/template/base.py", line 1005, in render
    return SafeString("".join([node.render_annotated(context) for node in self]))
                               ^^^^^^^^^^^^^^^^^^^^^^^^^^^^^^
  File "/opt/jerish/Projects/Customer_Ticketing/env/lib64/python3.12/site-packages/django/template/base.py", line 966, in render_annotated
    return self.render(context)
           ^^^^^^^^^^^^^^^^^^^^
  File "/opt/jerish/Projects/Customer_Ticketing/env/lib64/python3.12/site-packages/django/template/loader_tags.py", line 157, in render
    return compiled_parent._render(context)
           ^^^^^^^^^^^^^^^^^^^^^^^^^^^^^^^^
  File "/opt/jerish/Projects/Customer_Ticketing/env/lib64/python3.12/site-packages/django/template/base.py", line 167, in _render
    return self.nodelist.render(context)
           ^^^^^^^^^^^^^^^^^^^^^^^^^^^^^
  File "/opt/jerish/Projects/Customer_Ticketing/env/lib64/python3.12/site-packages/django/template/base.py", line 1005, in render
    return SafeString("".join([node.render_annotated(context) for node in self]))
                               ^^^^^^^^^^^^^^^^^^^^^^^^^^^^^^
  File "/opt/jerish/Projects/Customer_Ticketing/env/lib64/python3.12/site-packages/django/template/base.py", line 966, in render_annotated
    return self.render(context)
           ^^^^^^^^^^^^^^^^^^^^
  File "/opt/jerish/Projects/Customer_Ticketing/env/lib64/python3.12/site-packages/django/template/defaulttags.py", line 321, in render
    return nodelist.render(context)
           ^^^^^^^^^^^^^^^^^^^^^^^^
  File "/opt/jerish/Projects/Customer_Ticketing/env/lib64/python3.12/site-packages/django/template/base.py", line 1005, in render
    return SafeString("".join([node.render_annotated(context) for node in self]))
                               ^^^^^^^^^^^^^^^^^^^^^^^^^^^^^^
  File "/opt/jerish/Projects/Customer_Ticketing/env/lib64/python3.12/site-packages/django/template/base.py", line 966, in render_annotated
    return self.render(context)
           ^^^^^^^^^^^^^^^^^^^^
  File "/opt/jerish/Projects/Customer_Ticketing/env/lib64/python3.12/site-packages/django/template/loader_tags.py", line 63, in render
    result = block.nodelist.render(context)
             ^^^^^^^^^^^^^^^^^^^^^^^^^^^^^^
  File "/opt/jerish/Projects/Customer_Ticketing/env/lib64/python3.12/site-packages/django/template/base.py", line 1005, in render
    return SafeString("".join([node.render_annotated(context) for node in self]))
                               ^^^^^^^^^^^^^^^^^^^^^^^^^^^^^^
  File "/opt/jerish/Projects/Customer_Ticketing/env/lib64/python3.12/site-packages/django/template/base.py", line 966, in render_annotated
    return self.render(context)
           ^^^^^^^^^^^^^^^^^^^^
  File "/opt/jerish/Projects/Customer_Ticketing/env/lib64/python3.12/site-packages/django/template/library.py", line 237, in render
    output = self.func(*resolved_args, **resolved_kwargs)
             ^^^^^^^^^^^^^^^^^^^^^^^^^^^^^^^^^^^^^^^^^^^^
  File "/opt/jerish/Projects/Customer_Ticketing/env/lib64/python3.12/site-packages/allauth/socialaccount/templatetags/socialaccount.py", line 21, in provider_login_url
    provider = adapter.get_provider(request, provider)
               ^^^^^^^^^^^^^^^^^^^^^^^^^^^^^^^^^^^^^^^
  File "/opt/jerish/Projects/Customer_Ticketing/env/lib64/python3.12/site-packages/allauth/socialaccount/adapter.py", line 212, in get_provider
    app = self.get_app(request, provider=provider, client_id=client_id)
          ^^^^^^^^^^^^^^^^^^^^^^^^^^^^^^^^^^^^^^^^^^^^^^^^^^^^^^^^^^^^^
  File "/opt/jerish/Projects/Customer_Ticketing/env/lib64/python3.12/site-packages/allauth/socialaccount/adapter.py", line 302, in get_app
    raise SocialApp.DoesNotExist()
allauth.socialaccount.models.SocialApp.DoesNotExist
[2026-02-21 06:56:29,769] ERROR django.request log.log_response:246 — Internal Server Error: /accounts/google/login/callback/
Traceback (most recent call last):
  File "/opt/jerish/Projects/Customer_Ticketing/env/lib64/python3.12/site-packages/asgiref/sync.py", line 557, in thread_handler
    raise exc_info[1]
  File "/opt/jerish/Projects/Customer_Ticketing/env/lib64/python3.12/site-packages/django/core/handlers/exception.py", line 42, in inner
    response = await get_response(request)
               ^^^^^^^^^^^^^^^^^^^^^^^^^^^
  File "/opt/jerish/Projects/Customer_Ticketing/env/lib64/python3.12/site-packages/asgiref/sync.py", line 557, in thread_handler
    raise exc_info[1]
  File "/opt/jerish/Projects/Customer_Ticketing/env/lib64/python3.12/site-packages/django/core/handlers/base.py", line 253, in _get_response_async
    response = await wrapped_callback(
               ^^^^^^^^^^^^^^^^^^^^^^^
  File "/opt/jerish/Projects/Customer_Ticketing/env/lib64/python3.12/site-packages/asgiref/sync.py", line 506, in __call__
    ret = await asyncio.shield(exec_coro)
          ^^^^^^^^^^^^^^^^^^^^^^^^^^^^^^^
  File "/opt/jerish/Projects/Customer_Ticketing/env/lib64/python3.12/site-packages/asgiref/current_thread_executor.py", line 40, in run
    result = self.fn(*self.args, **self.kwargs)
             ^^^^^^^^^^^^^^^^^^^^^^^^^^^^^^^^^^
  File "/opt/jerish/Projects/Customer_Ticketing/env/lib64/python3.12/site-packages/asgiref/sync.py", line 561, in thread_handler
    return func(*args, **kwargs)
           ^^^^^^^^^^^^^^^^^^^^^
  File "/opt/jerish/Projects/Customer_Ticketing/env/lib64/python3.12/site-packages/allauth/socialaccount/providers/oauth2/views.py", line 102, in view
    return self.dispatch(request, *args, **kwargs)
           ^^^^^^^^^^^^^^^^^^^^^^^^^^^^^^^^^^^^^^^
  File "/opt/jerish/Projects/Customer_Ticketing/env/lib64/python3.12/site-packages/allauth/socialaccount/providers/oauth2/views.py", line 116, in dispatch
    provider = self.adapter.get_provider()
               ^^^^^^^^^^^^^^^^^^^^^^^^^^^
  File "/opt/jerish/Projects/Customer_Ticketing/env/lib64/python3.12/site-packages/allauth/socialaccount/providers/oauth2/views.py", line 45, in get_provider
    return get_adapter(self.request).get_provider(
           ^^^^^^^^^^^^^^^^^^^^^^^^^^^^^^^^^^^^^^^
  File "/opt/jerish/Projects/Customer_Ticketing/env/lib64/python3.12/site-packages/allauth/socialaccount/adapter.py", line 212, in get_provider
    app = self.get_app(request, provider=provider, client_id=client_id)
          ^^^^^^^^^^^^^^^^^^^^^^^^^^^^^^^^^^^^^^^^^^^^^^^^^^^^^^^^^^^^^
  File "/opt/jerish/Projects/Customer_Ticketing/env/lib64/python3.12/site-packages/allauth/socialaccount/adapter.py", line 302, in get_app
    raise SocialApp.DoesNotExist()
allauth.socialaccount.models.SocialApp.DoesNotExist
[2026-02-21 06:57:44,285] INFO daphne.server server.kill_all_applications:322 — Killed 0 pending application instances
[2026-02-21 06:57:45,871] INFO daphne.cli cli.run:268 — Starting server at tcp:port=8012:interface=192.168.2.76
[2026-02-21 06:57:45,872] INFO daphne.server server.run:120 — HTTP/2 support not enabled (install the http2 and tls Twisted extras)
[2026-02-21 06:57:45,872] INFO daphne.server server.run:129 — Configuring endpoint tcp:port=8012:interface=192.168.2.76
[2026-02-21 06:57:45,873] INFO daphne.server server.listen_success:160 — Listening on TCP address 192.168.2.76:8012
[2026-02-21 07:01:27,097] INFO daphne.server server.kill_all_applications:322 — Killed 0 pending application instances
[2026-02-21 07:01:28,619] INFO daphne.cli cli.run:268 — Starting server at tcp:port=8012:interface=192.168.2.76
[2026-02-21 07:01:28,620] INFO daphne.server server.run:120 — HTTP/2 support not enabled (install the http2 and tls Twisted extras)
[2026-02-21 07:01:28,620] INFO daphne.server server.run:129 — Configuring endpoint tcp:port=8012:interface=192.168.2.76
[2026-02-21 07:01:28,621] INFO daphne.server server.listen_success:160 — Listening on TCP address 192.168.2.76:8012
[2026-02-21 07:04:14,088] INFO daphne.server server.kill_all_applications:322 — Killed 0 pending application instances
[2026-02-21 07:04:15,749] INFO daphne.cli cli.run:268 — Starting server at tcp:port=8012:interface=192.168.2.76
[2026-02-21 07:04:15,750] INFO daphne.server server.run:120 — HTTP/2 support not enabled (install the http2 and tls Twisted extras)
[2026-02-21 07:04:15,750] INFO daphne.server server.run:129 — Configuring endpoint tcp:port=8012:interface=192.168.2.76
[2026-02-21 07:04:15,751] INFO daphne.server server.listen_success:160 — Listening on TCP address 192.168.2.76:8012
[2026-02-21 07:04:33,271] ERROR django.request log.log_response:246 — Internal Server Error: /accounts/login/
Traceback (most recent call last):
  File "/opt/jerish/Projects/Customer_Ticketing/env/lib64/python3.12/site-packages/asgiref/sync.py", line 557, in thread_handler
    raise exc_info[1]
  File "/opt/jerish/Projects/Customer_Ticketing/env/lib64/python3.12/site-packages/django/core/handlers/exception.py", line 42, in inner
    response = await get_response(request)
               ^^^^^^^^^^^^^^^^^^^^^^^^^^^
  File "/opt/jerish/Projects/Customer_Ticketing/env/lib64/python3.12/site-packages/asgiref/sync.py", line 557, in thread_handler
    raise exc_info[1]
  File "/opt/jerish/Projects/Customer_Ticketing/env/lib64/python3.12/site-packages/django/core/handlers/base.py", line 253, in _get_response_async
    response = await wrapped_callback(
               ^^^^^^^^^^^^^^^^^^^^^^^
  File "/opt/jerish/Projects/Customer_Ticketing/env/lib64/python3.12/site-packages/asgiref/sync.py", line 506, in __call__
    ret = await asyncio.shield(exec_coro)
          ^^^^^^^^^^^^^^^^^^^^^^^^^^^^^^^
  File "/opt/jerish/Projects/Customer_Ticketing/env/lib64/python3.12/site-packages/asgiref/current_thread_executor.py", line 40, in run
    result = self.fn(*self.args, **self.kwargs)
             ^^^^^^^^^^^^^^^^^^^^^^^^^^^^^^^^^^
  File "/opt/jerish/Projects/Customer_Ticketing/env/lib64/python3.12/site-packages/asgiref/sync.py", line 561, in thread_handler
    return func(*args, **kwargs)
           ^^^^^^^^^^^^^^^^^^^^^
  File "/opt/jerish/Projects/Customer_Ticketing/accounts/views.py", line 35, in login_view
    return render(request, 'accounts/login.html')
           ^^^^^^^^^^^^^^^^^^^^^^^^^^^^^^^^^^^^^^
  File "/opt/jerish/Projects/Customer_Ticketing/env/lib64/python3.12/site-packages/django/shortcuts.py", line 24, in render
    content = loader.render_to_string(template_name, context, request, using=using)
              ^^^^^^^^^^^^^^^^^^^^^^^^^^^^^^^^^^^^^^^^^^^^^^^^^^^^^^^^^^^^^^^^^^^^^
  File "/opt/jerish/Projects/Customer_Ticketing/env/lib64/python3.12/site-packages/django/template/loader.py", line 62, in render_to_string
    return template.render(context, request)
           ^^^^^^^^^^^^^^^^^^^^^^^^^^^^^^^^^
  File "/opt/jerish/Projects/Customer_Ticketing/env/lib64/python3.12/site-packages/django/template/backends/django.py", line 61, in render
    return self.template.render(context)
           ^^^^^^^^^^^^^^^^^^^^^^^^^^^^^
  File "/opt/jerish/Projects/Customer_Ticketing/env/lib64/python3.12/site-packages/django/template/base.py", line 175, in render
    return self._render(context)
           ^^^^^^^^^^^^^^^^^^^^^
  File "/opt/jerish/Projects/Customer_Ticketing/env/lib64/python3.12/site-packages/django/template/base.py", line 167, in _render
    return self.nodelist.render(context)
           ^^^^^^^^^^^^^^^^^^^^^^^^^^^^^
  File "/opt/jerish/Projects/Customer_Ticketing/env/lib64/python3.12/site-packages/django/template/base.py", line 1005, in render
    return SafeString("".join([node.render_annotated(context) for node in self]))
                               ^^^^^^^^^^^^^^^^^^^^^^^^^^^^^^
  File "/opt/jerish/Projects/Customer_Ticketing/env/lib64/python3.12/site-packages/django/template/base.py", line 966, in render_annotated
    return self.render(context)
           ^^^^^^^^^^^^^^^^^^^^
  File "/opt/jerish/Projects/Customer_Ticketing/env/lib64/python3.12/site-packages/django/template/loader_tags.py", line 157, in render
    return compiled_parent._render(context)
           ^^^^^^^^^^^^^^^^^^^^^^^^^^^^^^^^
  File "/opt/jerish/Projects/Customer_Ticketing/env/lib64/python3.12/site-packages/django/template/base.py", line 167, in _render
    return self.nodelist.render(context)
           ^^^^^^^^^^^^^^^^^^^^^^^^^^^^^
  File "/opt/jerish/Projects/Customer_Ticketing/env/lib64/python3.12/site-packages/django/template/base.py", line 1005, in render
    return SafeString("".join([node.render_annotated(context) for node in self]))
                               ^^^^^^^^^^^^^^^^^^^^^^^^^^^^^^
  File "/opt/jerish/Projects/Customer_Ticketing/env/lib64/python3.12/site-packages/django/template/base.py", line 966, in render_annotated
    return self.render(context)
           ^^^^^^^^^^^^^^^^^^^^
  File "/opt/jerish/Projects/Customer_Ticketing/env/lib64/python3.12/site-packages/django/template/defaulttags.py", line 321, in render
    return nodelist.render(context)
           ^^^^^^^^^^^^^^^^^^^^^^^^
  File "/opt/jerish/Projects/Customer_Ticketing/env/lib64/python3.12/site-packages/django/template/base.py", line 1005, in render
    return SafeString("".join([node.render_annotated(context) for node in self]))
                               ^^^^^^^^^^^^^^^^^^^^^^^^^^^^^^
  File "/opt/jerish/Projects/Customer_Ticketing/env/lib64/python3.12/site-packages/django/template/base.py", line 966, in render_annotated
    return self.render(context)
           ^^^^^^^^^^^^^^^^^^^^
  File "/opt/jerish/Projects/Customer_Ticketing/env/lib64/python3.12/site-packages/django/template/loader_tags.py", line 63, in render
    result = block.nodelist.render(context)
             ^^^^^^^^^^^^^^^^^^^^^^^^^^^^^^
  File "/opt/jerish/Projects/Customer_Ticketing/env/lib64/python3.12/site-packages/django/template/base.py", line 1005, in render
    return SafeString("".join([node.render_annotated(context) for node in self]))
                               ^^^^^^^^^^^^^^^^^^^^^^^^^^^^^^
  File "/opt/jerish/Projects/Customer_Ticketing/env/lib64/python3.12/site-packages/django/template/base.py", line 966, in render_annotated
    return self.render(context)
           ^^^^^^^^^^^^^^^^^^^^
  File "/opt/jerish/Projects/Customer_Ticketing/env/lib64/python3.12/site-packages/django/template/library.py", line 237, in render
    output = self.func(*resolved_args, **resolved_kwargs)
             ^^^^^^^^^^^^^^^^^^^^^^^^^^^^^^^^^^^^^^^^^^^^
  File "/opt/jerish/Projects/Customer_Ticketing/env/lib64/python3.12/site-packages/allauth/socialaccount/templatetags/socialaccount.py", line 21, in provider_login_url
    provider = adapter.get_provider(request, provider)
               ^^^^^^^^^^^^^^^^^^^^^^^^^^^^^^^^^^^^^^^
  File "/opt/jerish/Projects/Customer_Ticketing/env/lib64/python3.12/site-packages/allauth/socialaccount/adapter.py", line 212, in get_provider
    app = self.get_app(request, provider=provider, client_id=client_id)
          ^^^^^^^^^^^^^^^^^^^^^^^^^^^^^^^^^^^^^^^^^^^^^^^^^^^^^^^^^^^^^
  File "/opt/jerish/Projects/Customer_Ticketing/env/lib64/python3.12/site-packages/allauth/socialaccount/adapter.py", line 302, in get_app
    raise SocialApp.DoesNotExist()
allauth.socialaccount.models.SocialApp.DoesNotExist
[2026-02-21 07:08:34,820] INFO daphne.server server.kill_all_applications:322 — Killed 0 pending application instances
[2026-02-21 07:08:36,445] INFO daphne.cli cli.run:268 — Starting server at tcp:port=8012:interface=192.168.2.76
[2026-02-21 07:08:36,446] INFO daphne.server server.run:120 — HTTP/2 support not enabled (install the http2 and tls Twisted extras)
[2026-02-21 07:08:36,446] INFO daphne.server server.run:129 — Configuring endpoint tcp:port=8012:interface=192.168.2.76
[2026-02-21 07:08:36,447] INFO daphne.server server.listen_success:160 — Listening on TCP address 192.168.2.76:8012
[2026-02-21 07:11:38,904] INFO daphne.server server.kill_all_applications:322 — Killed 0 pending application instances
[2026-02-21 07:11:40,650] INFO daphne.cli cli.run:268 — Starting server at tcp:port=8012:interface=192.168.2.76
[2026-02-21 07:11:40,651] INFO daphne.server server.run:120 — HTTP/2 support not enabled (install the http2 and tls Twisted extras)
[2026-02-21 07:11:40,651] INFO daphne.server server.run:129 — Configuring endpoint tcp:port=8012:interface=192.168.2.76
[2026-02-21 07:11:40,652] INFO daphne.server server.listen_success:160 — Listening on TCP address 192.168.2.76:8012
[2026-02-21 07:11:57,767] ERROR django.request log.log_response:246 — Internal Server Error: /accounts/login/
Traceback (most recent call last):
  File "/opt/jerish/Projects/Customer_Ticketing/env/lib64/python3.12/site-packages/asgiref/sync.py", line 557, in thread_handler
    raise exc_info[1]
  File "/opt/jerish/Projects/Customer_Ticketing/env/lib64/python3.12/site-packages/django/core/handlers/exception.py", line 42, in inner
    response = await get_response(request)
               ^^^^^^^^^^^^^^^^^^^^^^^^^^^
  File "/opt/jerish/Projects/Customer_Ticketing/env/lib64/python3.12/site-packages/asgiref/sync.py", line 557, in thread_handler
    raise exc_info[1]
  File "/opt/jerish/Projects/Customer_Ticketing/env/lib64/python3.12/site-packages/django/core/handlers/base.py", line 253, in _get_response_async
    response = await wrapped_callback(
               ^^^^^^^^^^^^^^^^^^^^^^^
  File "/opt/jerish/Projects/Customer_Ticketing/env/lib64/python3.12/site-packages/asgiref/sync.py", line 506, in __call__
    ret = await asyncio.shield(exec_coro)
          ^^^^^^^^^^^^^^^^^^^^^^^^^^^^^^^
  File "/opt/jerish/Projects/Customer_Ticketing/env/lib64/python3.12/site-packages/asgiref/current_thread_executor.py", line 40, in run
    result = self.fn(*self.args, **self.kwargs)
             ^^^^^^^^^^^^^^^^^^^^^^^^^^^^^^^^^^
  File "/opt/jerish/Projects/Customer_Ticketing/env/lib64/python3.12/site-packages/asgiref/sync.py", line 561, in thread_handler
    return func(*args, **kwargs)
           ^^^^^^^^^^^^^^^^^^^^^
  File "/opt/jerish/Projects/Customer_Ticketing/accounts/views.py", line 35, in login_view
    return render(request, 'accounts/login.html')
           ^^^^^^^^^^^^^^^^^^^^^^^^^^^^^^^^^^^^^^
  File "/opt/jerish/Projects/Customer_Ticketing/env/lib64/python3.12/site-packages/django/shortcuts.py", line 24, in render
    content = loader.render_to_string(template_name, context, request, using=using)
              ^^^^^^^^^^^^^^^^^^^^^^^^^^^^^^^^^^^^^^^^^^^^^^^^^^^^^^^^^^^^^^^^^^^^^
  File "/opt/jerish/Projects/Customer_Ticketing/env/lib64/python3.12/site-packages/django/template/loader.py", line 62, in render_to_string
    return template.render(context, request)
           ^^^^^^^^^^^^^^^^^^^^^^^^^^^^^^^^^
  File "/opt/jerish/Projects/Customer_Ticketing/env/lib64/python3.12/site-packages/django/template/backends/django.py", line 61, in render
    return self.template.render(context)
           ^^^^^^^^^^^^^^^^^^^^^^^^^^^^^
  File "/opt/jerish/Projects/Customer_Ticketing/env/lib64/python3.12/site-packages/django/template/base.py", line 175, in render
    return self._render(context)
           ^^^^^^^^^^^^^^^^^^^^^
  File "/opt/jerish/Projects/Customer_Ticketing/env/lib64/python3.12/site-packages/django/template/base.py", line 167, in _render
    return self.nodelist.render(context)
           ^^^^^^^^^^^^^^^^^^^^^^^^^^^^^
  File "/opt/jerish/Projects/Customer_Ticketing/env/lib64/python3.12/site-packages/django/template/base.py", line 1005, in render
    return SafeString("".join([node.render_annotated(context) for node in self]))
                               ^^^^^^^^^^^^^^^^^^^^^^^^^^^^^^
  File "/opt/jerish/Projects/Customer_Ticketing/env/lib64/python3.12/site-packages/django/template/base.py", line 966, in render_annotated
    return self.render(context)
           ^^^^^^^^^^^^^^^^^^^^
  File "/opt/jerish/Projects/Customer_Ticketing/env/lib64/python3.12/site-packages/django/template/loader_tags.py", line 157, in render
    return compiled_parent._render(context)
           ^^^^^^^^^^^^^^^^^^^^^^^^^^^^^^^^
  File "/opt/jerish/Projects/Customer_Ticketing/env/lib64/python3.12/site-packages/django/template/base.py", line 167, in _render
    return self.nodelist.render(context)
           ^^^^^^^^^^^^^^^^^^^^^^^^^^^^^
  File "/opt/jerish/Projects/Customer_Ticketing/env/lib64/python3.12/site-packages/django/template/base.py", line 1005, in render
    return SafeString("".join([node.render_annotated(context) for node in self]))
                               ^^^^^^^^^^^^^^^^^^^^^^^^^^^^^^
  File "/opt/jerish/Projects/Customer_Ticketing/env/lib64/python3.12/site-packages/django/template/base.py", line 966, in render_annotated
    return self.render(context)
           ^^^^^^^^^^^^^^^^^^^^
  File "/opt/jerish/Projects/Customer_Ticketing/env/lib64/python3.12/site-packages/django/template/defaulttags.py", line 321, in render
    return nodelist.render(context)
           ^^^^^^^^^^^^^^^^^^^^^^^^
  File "/opt/jerish/Projects/Customer_Ticketing/env/lib64/python3.12/site-packages/django/template/base.py", line 1005, in render
    return SafeString("".join([node.render_annotated(context) for node in self]))
                               ^^^^^^^^^^^^^^^^^^^^^^^^^^^^^^
  File "/opt/jerish/Projects/Customer_Ticketing/env/lib64/python3.12/site-packages/django/template/base.py", line 966, in render_annotated
    return self.render(context)
           ^^^^^^^^^^^^^^^^^^^^
  File "/opt/jerish/Projects/Customer_Ticketing/env/lib64/python3.12/site-packages/django/template/loader_tags.py", line 63, in render
    result = block.nodelist.render(context)
             ^^^^^^^^^^^^^^^^^^^^^^^^^^^^^^
  File "/opt/jerish/Projects/Customer_Ticketing/env/lib64/python3.12/site-packages/django/template/base.py", line 1005, in render
    return SafeString("".join([node.render_annotated(context) for node in self]))
                               ^^^^^^^^^^^^^^^^^^^^^^^^^^^^^^
  File "/opt/jerish/Projects/Customer_Ticketing/env/lib64/python3.12/site-packages/django/template/base.py", line 966, in render_annotated
    return self.render(context)
           ^^^^^^^^^^^^^^^^^^^^
  File "/opt/jerish/Projects/Customer_Ticketing/env/lib64/python3.12/site-packages/django/template/library.py", line 237, in render
    output = self.func(*resolved_args, **resolved_kwargs)
             ^^^^^^^^^^^^^^^^^^^^^^^^^^^^^^^^^^^^^^^^^^^^
  File "/opt/jerish/Projects/Customer_Ticketing/env/lib64/python3.12/site-packages/allauth/socialaccount/templatetags/socialaccount.py", line 21, in provider_login_url
    provider = adapter.get_provider(request, provider)
               ^^^^^^^^^^^^^^^^^^^^^^^^^^^^^^^^^^^^^^^
  File "/opt/jerish/Projects/Customer_Ticketing/env/lib64/python3.12/site-packages/allauth/socialaccount/adapter.py", line 212, in get_provider
    app = self.get_app(request, provider=provider, client_id=client_id)
          ^^^^^^^^^^^^^^^^^^^^^^^^^^^^^^^^^^^^^^^^^^^^^^^^^^^^^^^^^^^^^
  File "/opt/jerish/Projects/Customer_Ticketing/env/lib64/python3.12/site-packages/allauth/socialaccount/adapter.py", line 302, in get_app
    raise SocialApp.DoesNotExist()
allauth.socialaccount.models.SocialApp.DoesNotExist
[2026-02-21 07:12:04,709] ERROR django.request log.log_response:246 — Internal Server Error: /accounts/login/
Traceback (most recent call last):
  File "/opt/jerish/Projects/Customer_Ticketing/env/lib64/python3.12/site-packages/asgiref/sync.py", line 557, in thread_handler
    raise exc_info[1]
  File "/opt/jerish/Projects/Customer_Ticketing/env/lib64/python3.12/site-packages/django/core/handlers/exception.py", line 42, in inner
    response = await get_response(request)
               ^^^^^^^^^^^^^^^^^^^^^^^^^^^
  File "/opt/jerish/Projects/Customer_Ticketing/env/lib64/python3.12/site-packages/asgiref/sync.py", line 557, in thread_handler
    raise exc_info[1]
  File "/opt/jerish/Projects/Customer_Ticketing/env/lib64/python3.12/site-packages/django/core/handlers/base.py", line 253, in _get_response_async
    response = await wrapped_callback(
               ^^^^^^^^^^^^^^^^^^^^^^^
  File "/opt/jerish/Projects/Customer_Ticketing/env/lib64/python3.12/site-packages/asgiref/sync.py", line 506, in __call__
    ret = await asyncio.shield(exec_coro)
          ^^^^^^^^^^^^^^^^^^^^^^^^^^^^^^^
  File "/opt/jerish/Projects/Customer_Ticketing/env/lib64/python3.12/site-packages/asgiref/current_thread_executor.py", line 40, in run
    result = self.fn(*self.args, **self.kwargs)
             ^^^^^^^^^^^^^^^^^^^^^^^^^^^^^^^^^^
  File "/opt/jerish/Projects/Customer_Ticketing/env/lib64/python3.12/site-packages/asgiref/sync.py", line 561, in thread_handler
    return func(*args, **kwargs)
           ^^^^^^^^^^^^^^^^^^^^^
  File "/opt/jerish/Projects/Customer_Ticketing/accounts/views.py", line 35, in login_view
    return render(request, 'accounts/login.html')
           ^^^^^^^^^^^^^^^^^^^^^^^^^^^^^^^^^^^^^^
  File "/opt/jerish/Projects/Customer_Ticketing/env/lib64/python3.12/site-packages/django/shortcuts.py", line 24, in render
    content = loader.render_to_string(template_name, context, request, using=using)
              ^^^^^^^^^^^^^^^^^^^^^^^^^^^^^^^^^^^^^^^^^^^^^^^^^^^^^^^^^^^^^^^^^^^^^
  File "/opt/jerish/Projects/Customer_Ticketing/env/lib64/python3.12/site-packages/django/template/loader.py", line 62, in render_to_string
    return template.render(context, request)
           ^^^^^^^^^^^^^^^^^^^^^^^^^^^^^^^^^
  File "/opt/jerish/Projects/Customer_Ticketing/env/lib64/python3.12/site-packages/django/template/backends/django.py", line 61, in render
    return self.template.render(context)
           ^^^^^^^^^^^^^^^^^^^^^^^^^^^^^
  File "/opt/jerish/Projects/Customer_Ticketing/env/lib64/python3.12/site-packages/django/template/base.py", line 175, in render
    return self._render(context)
           ^^^^^^^^^^^^^^^^^^^^^
  File "/opt/jerish/Projects/Customer_Ticketing/env/lib64/python3.12/site-packages/django/template/base.py", line 167, in _render
    return self.nodelist.render(context)
           ^^^^^^^^^^^^^^^^^^^^^^^^^^^^^
  File "/opt/jerish/Projects/Customer_Ticketing/env/lib64/python3.12/site-packages/django/template/base.py", line 1005, in render
    return SafeString("".join([node.render_annotated(context) for node in self]))
                               ^^^^^^^^^^^^^^^^^^^^^^^^^^^^^^
  File "/opt/jerish/Projects/Customer_Ticketing/env/lib64/python3.12/site-packages/django/template/base.py", line 966, in render_annotated
    return self.render(context)
           ^^^^^^^^^^^^^^^^^^^^
  File "/opt/jerish/Projects/Customer_Ticketing/env/lib64/python3.12/site-packages/django/template/loader_tags.py", line 157, in render
    return compiled_parent._render(context)
           ^^^^^^^^^^^^^^^^^^^^^^^^^^^^^^^^
  File "/opt/jerish/Projects/Customer_Ticketing/env/lib64/python3.12/site-packages/django/template/base.py", line 167, in _render
    return self.nodelist.render(context)
           ^^^^^^^^^^^^^^^^^^^^^^^^^^^^^
  File "/opt/jerish/Projects/Customer_Ticketing/env/lib64/python3.12/site-packages/django/template/base.py", line 1005, in render
    return SafeString("".join([node.render_annotated(context) for node in self]))
                               ^^^^^^^^^^^^^^^^^^^^^^^^^^^^^^
  File "/opt/jerish/Projects/Customer_Ticketing/env/lib64/python3.12/site-packages/django/template/base.py", line 966, in render_annotated
    return self.render(context)
           ^^^^^^^^^^^^^^^^^^^^
  File "/opt/jerish/Projects/Customer_Ticketing/env/lib64/python3.12/site-packages/django/template/defaulttags.py", line 321, in render
    return nodelist.render(context)
           ^^^^^^^^^^^^^^^^^^^^^^^^
  File "/opt/jerish/Projects/Customer_Ticketing/env/lib64/python3.12/site-packages/django/template/base.py", line 1005, in render
    return SafeString("".join([node.render_annotated(context) for node in self]))
                               ^^^^^^^^^^^^^^^^^^^^^^^^^^^^^^
  File "/opt/jerish/Projects/Customer_Ticketing/env/lib64/python3.12/site-packages/django/template/base.py", line 966, in render_annotated
    return self.render(context)
           ^^^^^^^^^^^^^^^^^^^^
  File "/opt/jerish/Projects/Customer_Ticketing/env/lib64/python3.12/site-packages/django/template/loader_tags.py", line 63, in render
    result = block.nodelist.render(context)
             ^^^^^^^^^^^^^^^^^^^^^^^^^^^^^^
  File "/opt/jerish/Projects/Customer_Ticketing/env/lib64/python3.12/site-packages/django/template/base.py", line 1005, in render
    return SafeString("".join([node.render_annotated(context) for node in self]))
                               ^^^^^^^^^^^^^^^^^^^^^^^^^^^^^^
  File "/opt/jerish/Projects/Customer_Ticketing/env/lib64/python3.12/site-packages/django/template/base.py", line 966, in render_annotated
    return self.render(context)
           ^^^^^^^^^^^^^^^^^^^^
  File "/opt/jerish/Projects/Customer_Ticketing/env/lib64/python3.12/site-packages/django/template/library.py", line 237, in render
    output = self.func(*resolved_args, **resolved_kwargs)
             ^^^^^^^^^^^^^^^^^^^^^^^^^^^^^^^^^^^^^^^^^^^^
  File "/opt/jerish/Projects/Customer_Ticketing/env/lib64/python3.12/site-packages/allauth/socialaccount/templatetags/socialaccount.py", line 21, in provider_login_url
    provider = adapter.get_provider(request, provider)
               ^^^^^^^^^^^^^^^^^^^^^^^^^^^^^^^^^^^^^^^
  File "/opt/jerish/Projects/Customer_Ticketing/env/lib64/python3.12/site-packages/allauth/socialaccount/adapter.py", line 212, in get_provider
    app = self.get_app(request, provider=provider, client_id=client_id)
          ^^^^^^^^^^^^^^^^^^^^^^^^^^^^^^^^^^^^^^^^^^^^^^^^^^^^^^^^^^^^^
  File "/opt/jerish/Projects/Customer_Ticketing/env/lib64/python3.12/site-packages/allauth/socialaccount/adapter.py", line 302, in get_app
    raise SocialApp.DoesNotExist()
allauth.socialaccount.models.SocialApp.DoesNotExist
[2026-02-21 07:17:54,028] INFO daphne.server server.kill_all_applications:322 — Killed 0 pending application instances
[2026-02-21 07:17:55,468] INFO daphne.cli cli.run:268 — Starting server at tcp:port=8012:interface=192.168.2.76
[2026-02-21 07:17:55,469] INFO daphne.server server.run:120 — HTTP/2 support not enabled (install the http2 and tls Twisted extras)
[2026-02-21 07:17:55,469] INFO daphne.server server.run:129 — Configuring endpoint tcp:port=8012:interface=192.168.2.76
[2026-02-21 07:17:55,470] INFO daphne.server server.listen_success:160 — Listening on TCP address 192.168.2.76:8012
[2026-02-21 07:18:05,545] WARNING django.request log.log_response:246 — Not Found: /login/
[2026-02-21 07:19:01,028] INFO daphne.server server.kill_all_applications:322 — Killed 0 pending application instances
[2026-02-21 07:19:02,553] INFO daphne.cli cli.run:268 — Starting server at tcp:port=8012:interface=192.168.2.76
[2026-02-21 07:19:02,554] INFO daphne.server server.run:120 — HTTP/2 support not enabled (install the http2 and tls Twisted extras)
[2026-02-21 07:19:02,554] INFO daphne.server server.run:129 — Configuring endpoint tcp:port=8012:interface=192.168.2.76
[2026-02-21 07:19:02,554] INFO daphne.server server.listen_success:160 — Listening on TCP address 192.168.2.76:8012
[2026-02-21 07:19:13,948] ERROR django.request log.log_response:246 — Internal Server Error: /accounts/login/
Traceback (most recent call last):
  File "/opt/jerish/Projects/Customer_Ticketing/env/lib64/python3.12/site-packages/asgiref/sync.py", line 557, in thread_handler
    raise exc_info[1]
  File "/opt/jerish/Projects/Customer_Ticketing/env/lib64/python3.12/site-packages/django/core/handlers/exception.py", line 42, in inner
    response = await get_response(request)
               ^^^^^^^^^^^^^^^^^^^^^^^^^^^
  File "/opt/jerish/Projects/Customer_Ticketing/env/lib64/python3.12/site-packages/asgiref/sync.py", line 557, in thread_handler
    raise exc_info[1]
  File "/opt/jerish/Projects/Customer_Ticketing/env/lib64/python3.12/site-packages/django/core/handlers/base.py", line 253, in _get_response_async
    response = await wrapped_callback(
               ^^^^^^^^^^^^^^^^^^^^^^^
  File "/opt/jerish/Projects/Customer_Ticketing/env/lib64/python3.12/site-packages/asgiref/sync.py", line 506, in __call__
    ret = await asyncio.shield(exec_coro)
          ^^^^^^^^^^^^^^^^^^^^^^^^^^^^^^^
  File "/opt/jerish/Projects/Customer_Ticketing/env/lib64/python3.12/site-packages/asgiref/current_thread_executor.py", line 40, in run
    result = self.fn(*self.args, **self.kwargs)
             ^^^^^^^^^^^^^^^^^^^^^^^^^^^^^^^^^^
  File "/opt/jerish/Projects/Customer_Ticketing/env/lib64/python3.12/site-packages/asgiref/sync.py", line 561, in thread_handler
    return func(*args, **kwargs)
           ^^^^^^^^^^^^^^^^^^^^^
  File "/opt/jerish/Projects/Customer_Ticketing/accounts/views.py", line 35, in login_view
    return render(request, 'accounts/login.html')
           ^^^^^^^^^^^^^^^^^^^^^^^^^^^^^^^^^^^^^^
  File "/opt/jerish/Projects/Customer_Ticketing/env/lib64/python3.12/site-packages/django/shortcuts.py", line 24, in render
    content = loader.render_to_string(template_name, context, request, using=using)
              ^^^^^^^^^^^^^^^^^^^^^^^^^^^^^^^^^^^^^^^^^^^^^^^^^^^^^^^^^^^^^^^^^^^^^
  File "/opt/jerish/Projects/Customer_Ticketing/env/lib64/python3.12/site-packages/django/template/loader.py", line 62, in render_to_string
    return template.render(context, request)
           ^^^^^^^^^^^^^^^^^^^^^^^^^^^^^^^^^
  File "/opt/jerish/Projects/Customer_Ticketing/env/lib64/python3.12/site-packages/django/template/backends/django.py", line 61, in render
    return self.template.render(context)
           ^^^^^^^^^^^^^^^^^^^^^^^^^^^^^
  File "/opt/jerish/Projects/Customer_Ticketing/env/lib64/python3.12/site-packages/django/template/base.py", line 175, in render
    return self._render(context)
           ^^^^^^^^^^^^^^^^^^^^^
  File "/opt/jerish/Projects/Customer_Ticketing/env/lib64/python3.12/site-packages/django/template/base.py", line 167, in _render
    return self.nodelist.render(context)
           ^^^^^^^^^^^^^^^^^^^^^^^^^^^^^
  File "/opt/jerish/Projects/Customer_Ticketing/env/lib64/python3.12/site-packages/django/template/base.py", line 1005, in render
    return SafeString("".join([node.render_annotated(context) for node in self]))
                               ^^^^^^^^^^^^^^^^^^^^^^^^^^^^^^
  File "/opt/jerish/Projects/Customer_Ticketing/env/lib64/python3.12/site-packages/django/template/base.py", line 966, in render_annotated
    return self.render(context)
           ^^^^^^^^^^^^^^^^^^^^
  File "/opt/jerish/Projects/Customer_Ticketing/env/lib64/python3.12/site-packages/django/template/loader_tags.py", line 157, in render
    return compiled_parent._render(context)
           ^^^^^^^^^^^^^^^^^^^^^^^^^^^^^^^^
  File "/opt/jerish/Projects/Customer_Ticketing/env/lib64/python3.12/site-packages/django/template/base.py", line 167, in _render
    return self.nodelist.render(context)
           ^^^^^^^^^^^^^^^^^^^^^^^^^^^^^
  File "/opt/jerish/Projects/Customer_Ticketing/env/lib64/python3.12/site-packages/django/template/base.py", line 1005, in render
    return SafeString("".join([node.render_annotated(context) for node in self]))
                               ^^^^^^^^^^^^^^^^^^^^^^^^^^^^^^
  File "/opt/jerish/Projects/Customer_Ticketing/env/lib64/python3.12/site-packages/django/template/base.py", line 966, in render_annotated
    return self.render(context)
           ^^^^^^^^^^^^^^^^^^^^
  File "/opt/jerish/Projects/Customer_Ticketing/env/lib64/python3.12/site-packages/django/template/defaulttags.py", line 321, in render
    return nodelist.render(context)
           ^^^^^^^^^^^^^^^^^^^^^^^^
  File "/opt/jerish/Projects/Customer_Ticketing/env/lib64/python3.12/site-packages/django/template/base.py", line 1005, in render
    return SafeString("".join([node.render_annotated(context) for node in self]))
                               ^^^^^^^^^^^^^^^^^^^^^^^^^^^^^^
  File "/opt/jerish/Projects/Customer_Ticketing/env/lib64/python3.12/site-packages/django/template/base.py", line 966, in render_annotated
    return self.render(context)
           ^^^^^^^^^^^^^^^^^^^^
  File "/opt/jerish/Projects/Customer_Ticketing/env/lib64/python3.12/site-packages/django/template/loader_tags.py", line 63, in render
    result = block.nodelist.render(context)
             ^^^^^^^^^^^^^^^^^^^^^^^^^^^^^^
  File "/opt/jerish/Projects/Customer_Ticketing/env/lib64/python3.12/site-packages/django/template/base.py", line 1005, in render
    return SafeString("".join([node.render_annotated(context) for node in self]))
                               ^^^^^^^^^^^^^^^^^^^^^^^^^^^^^^
  File "/opt/jerish/Projects/Customer_Ticketing/env/lib64/python3.12/site-packages/django/template/base.py", line 966, in render_annotated
    return self.render(context)
           ^^^^^^^^^^^^^^^^^^^^
  File "/opt/jerish/Projects/Customer_Ticketing/env/lib64/python3.12/site-packages/django/template/library.py", line 237, in render
    output = self.func(*resolved_args, **resolved_kwargs)
             ^^^^^^^^^^^^^^^^^^^^^^^^^^^^^^^^^^^^^^^^^^^^
  File "/opt/jerish/Projects/Customer_Ticketing/env/lib64/python3.12/site-packages/allauth/socialaccount/templatetags/socialaccount.py", line 21, in provider_login_url
    provider = adapter.get_provider(request, provider)
               ^^^^^^^^^^^^^^^^^^^^^^^^^^^^^^^^^^^^^^^
  File "/opt/jerish/Projects/Customer_Ticketing/env/lib64/python3.12/site-packages/allauth/socialaccount/adapter.py", line 212, in get_provider
    app = self.get_app(request, provider=provider, client_id=client_id)
          ^^^^^^^^^^^^^^^^^^^^^^^^^^^^^^^^^^^^^^^^^^^^^^^^^^^^^^^^^^^^^
  File "/opt/jerish/Projects/Customer_Ticketing/env/lib64/python3.12/site-packages/allauth/socialaccount/adapter.py", line 302, in get_app
    raise SocialApp.DoesNotExist()
allauth.socialaccount.models.SocialApp.DoesNotExist
[2026-02-21 07:25:27,135] INFO daphne.server server.kill_all_applications:322 — Killed 0 pending application instances
[2026-02-21 07:29:30,997] INFO daphne.cli cli.run:268 — Starting server at tcp:port=8012:interface=192.168.2.76
[2026-02-21 07:29:30,998] INFO daphne.server server.run:120 — HTTP/2 support not enabled (install the http2 and tls Twisted extras)
[2026-02-21 07:29:30,998] INFO daphne.server server.run:129 — Configuring endpoint tcp:port=8012:interface=192.168.2.76
[2026-02-21 07:29:30,999] INFO daphne.server server.listen_success:160 — Listening on TCP address 192.168.2.76:8012
[2026-02-21 07:29:53,956] ERROR django.request log.log_response:246 — Internal Server Error: /accounts/login/
Traceback (most recent call last):
  File "/opt/jerish/Projects/Customer_Ticketing/env/lib64/python3.12/site-packages/asgiref/sync.py", line 557, in thread_handler
    raise exc_info[1]
  File "/opt/jerish/Projects/Customer_Ticketing/env/lib64/python3.12/site-packages/django/core/handlers/exception.py", line 42, in inner
    response = await get_response(request)
               ^^^^^^^^^^^^^^^^^^^^^^^^^^^
  File "/opt/jerish/Projects/Customer_Ticketing/env/lib64/python3.12/site-packages/asgiref/sync.py", line 557, in thread_handler
    raise exc_info[1]
  File "/opt/jerish/Projects/Customer_Ticketing/env/lib64/python3.12/site-packages/django/core/handlers/base.py", line 253, in _get_response_async
    response = await wrapped_callback(
               ^^^^^^^^^^^^^^^^^^^^^^^
  File "/opt/jerish/Projects/Customer_Ticketing/env/lib64/python3.12/site-packages/asgiref/sync.py", line 506, in __call__
    ret = await asyncio.shield(exec_coro)
          ^^^^^^^^^^^^^^^^^^^^^^^^^^^^^^^
  File "/opt/jerish/Projects/Customer_Ticketing/env/lib64/python3.12/site-packages/asgiref/current_thread_executor.py", line 40, in run
    result = self.fn(*self.args, **self.kwargs)
             ^^^^^^^^^^^^^^^^^^^^^^^^^^^^^^^^^^
  File "/opt/jerish/Projects/Customer_Ticketing/env/lib64/python3.12/site-packages/asgiref/sync.py", line 561, in thread_handler
    return func(*args, **kwargs)
           ^^^^^^^^^^^^^^^^^^^^^
  File "/opt/jerish/Projects/Customer_Ticketing/accounts/views.py", line 35, in login_view
    return render(request, 'accounts/login.html')
           ^^^^^^^^^^^^^^^^^^^^^^^^^^^^^^^^^^^^^^
  File "/opt/jerish/Projects/Customer_Ticketing/env/lib64/python3.12/site-packages/django/shortcuts.py", line 24, in render
    content = loader.render_to_string(template_name, context, request, using=using)
              ^^^^^^^^^^^^^^^^^^^^^^^^^^^^^^^^^^^^^^^^^^^^^^^^^^^^^^^^^^^^^^^^^^^^^
  File "/opt/jerish/Projects/Customer_Ticketing/env/lib64/python3.12/site-packages/django/template/loader.py", line 62, in render_to_string
    return template.render(context, request)
           ^^^^^^^^^^^^^^^^^^^^^^^^^^^^^^^^^
  File "/opt/jerish/Projects/Customer_Ticketing/env/lib64/python3.12/site-packages/django/template/backends/django.py", line 61, in render
    return self.template.render(context)
           ^^^^^^^^^^^^^^^^^^^^^^^^^^^^^
  File "/opt/jerish/Projects/Customer_Ticketing/env/lib64/python3.12/site-packages/django/template/base.py", line 175, in render
    return self._render(context)
           ^^^^^^^^^^^^^^^^^^^^^
  File "/opt/jerish/Projects/Customer_Ticketing/env/lib64/python3.12/site-packages/django/template/base.py", line 167, in _render
    return self.nodelist.render(context)
           ^^^^^^^^^^^^^^^^^^^^^^^^^^^^^
  File "/opt/jerish/Projects/Customer_Ticketing/env/lib64/python3.12/site-packages/django/template/base.py", line 1005, in render
    return SafeString("".join([node.render_annotated(context) for node in self]))
                               ^^^^^^^^^^^^^^^^^^^^^^^^^^^^^^
  File "/opt/jerish/Projects/Customer_Ticketing/env/lib64/python3.12/site-packages/django/template/base.py", line 966, in render_annotated
    return self.render(context)
           ^^^^^^^^^^^^^^^^^^^^
  File "/opt/jerish/Projects/Customer_Ticketing/env/lib64/python3.12/site-packages/django/template/loader_tags.py", line 157, in render
    return compiled_parent._render(context)
           ^^^^^^^^^^^^^^^^^^^^^^^^^^^^^^^^
  File "/opt/jerish/Projects/Customer_Ticketing/env/lib64/python3.12/site-packages/django/template/base.py", line 167, in _render
    return self.nodelist.render(context)
           ^^^^^^^^^^^^^^^^^^^^^^^^^^^^^
  File "/opt/jerish/Projects/Customer_Ticketing/env/lib64/python3.12/site-packages/django/template/base.py", line 1005, in render
    return SafeString("".join([node.render_annotated(context) for node in self]))
                               ^^^^^^^^^^^^^^^^^^^^^^^^^^^^^^
  File "/opt/jerish/Projects/Customer_Ticketing/env/lib64/python3.12/site-packages/django/template/base.py", line 966, in render_annotated
    return self.render(context)
           ^^^^^^^^^^^^^^^^^^^^
  File "/opt/jerish/Projects/Customer_Ticketing/env/lib64/python3.12/site-packages/django/template/defaulttags.py", line 321, in render
    return nodelist.render(context)
           ^^^^^^^^^^^^^^^^^^^^^^^^
  File "/opt/jerish/Projects/Customer_Ticketing/env/lib64/python3.12/site-packages/django/template/base.py", line 1005, in render
    return SafeString("".join([node.render_annotated(context) for node in self]))
                               ^^^^^^^^^^^^^^^^^^^^^^^^^^^^^^
  File "/opt/jerish/Projects/Customer_Ticketing/env/lib64/python3.12/site-packages/django/template/base.py", line 966, in render_annotated
    return self.render(context)
           ^^^^^^^^^^^^^^^^^^^^
  File "/opt/jerish/Projects/Customer_Ticketing/env/lib64/python3.12/site-packages/django/template/loader_tags.py", line 63, in render
    result = block.nodelist.render(context)
             ^^^^^^^^^^^^^^^^^^^^^^^^^^^^^^
  File "/opt/jerish/Projects/Customer_Ticketing/env/lib64/python3.12/site-packages/django/template/base.py", line 1005, in render
    return SafeString("".join([node.render_annotated(context) for node in self]))
                               ^^^^^^^^^^^^^^^^^^^^^^^^^^^^^^
  File "/opt/jerish/Projects/Customer_Ticketing/env/lib64/python3.12/site-packages/django/template/base.py", line 966, in render_annotated
    return self.render(context)
           ^^^^^^^^^^^^^^^^^^^^
  File "/opt/jerish/Projects/Customer_Ticketing/env/lib64/python3.12/site-packages/django/template/library.py", line 237, in render
    output = self.func(*resolved_args, **resolved_kwargs)
             ^^^^^^^^^^^^^^^^^^^^^^^^^^^^^^^^^^^^^^^^^^^^
  File "/opt/jerish/Projects/Customer_Ticketing/env/lib64/python3.12/site-packages/allauth/socialaccount/templatetags/socialaccount.py", line 21, in provider_login_url
    provider = adapter.get_provider(request, provider)
               ^^^^^^^^^^^^^^^^^^^^^^^^^^^^^^^^^^^^^^^
  File "/opt/jerish/Projects/Customer_Ticketing/env/lib64/python3.12/site-packages/allauth/socialaccount/adapter.py", line 212, in get_provider
    app = self.get_app(request, provider=provider, client_id=client_id)
          ^^^^^^^^^^^^^^^^^^^^^^^^^^^^^^^^^^^^^^^^^^^^^^^^^^^^^^^^^^^^^
  File "/opt/jerish/Projects/Customer_Ticketing/env/lib64/python3.12/site-packages/allauth/socialaccount/adapter.py", line 302, in get_app
    raise SocialApp.DoesNotExist()
allauth.socialaccount.models.SocialApp.DoesNotExist
[2026-02-21 07:35:15,646] INFO daphne.server server.kill_all_applications:322 — Killed 0 pending application instances
[2026-02-21 07:35:17,208] INFO daphne.cli cli.run:268 — Starting server at tcp:port=8012:interface=192.168.2.76
[2026-02-21 07:35:17,208] INFO daphne.server server.run:120 — HTTP/2 support not enabled (install the http2 and tls Twisted extras)
[2026-02-21 07:35:17,209] INFO daphne.server server.run:129 — Configuring endpoint tcp:port=8012:interface=192.168.2.76
[2026-02-21 07:35:17,209] INFO daphne.server server.listen_success:160 — Listening on TCP address 192.168.2.76:8012
[2026-02-21 07:35:28,470] WARNING django.request log.log_response:246 — Not Found: /desk/
[2026-02-21 07:35:43,490] WARNING django.request log.log_response:246 — Not Found: /desk/
[2026-02-21 07:35:52,242] WARNING django.request log.log_response:246 — Not Found: /desk/accounts/login
[2026-02-21 07:36:03,833] WARNING django.request log.log_response:246 — Not Found: /desk/accounts
[2026-02-21 07:36:21,609] WARNING django.request log.log_response:246 — Not Found: /desk/
[2026-02-21 07:49:26,052] INFO daphne.server server.kill_all_applications:322 — Killed 0 pending application instances
[2026-02-21 07:49:27,694] INFO daphne.cli cli.run:268 — Starting server at tcp:port=8012:interface=192.168.2.76
[2026-02-21 07:49:27,695] INFO daphne.server server.run:120 — HTTP/2 support not enabled (install the http2 and tls Twisted extras)
[2026-02-21 07:49:27,695] INFO daphne.server server.run:129 — Configuring endpoint tcp:port=8012:interface=192.168.2.76
[2026-02-21 07:49:27,696] INFO daphne.server server.listen_success:160 — Listening on TCP address 192.168.2.76:8012
[2026-02-21 07:49:36,608] WARNING django.request log.log_response:246 — Not Found: /
[2026-02-21 07:50:35,750] INFO daphne.server server.kill_all_applications:322 — Killed 0 pending application instances
[2026-02-21 07:50:37,000] INFO daphne.cli cli.run:268 — Starting server at tcp:port=8012:interface=192.168.2.76
[2026-02-21 07:50:37,001] INFO daphne.server server.run:120 — HTTP/2 support not enabled (install the http2 and tls Twisted extras)
[2026-02-21 07:50:37,001] INFO daphne.server server.run:129 — Configuring endpoint tcp:port=8012:interface=192.168.2.76
[2026-02-21 07:50:37,001] INFO daphne.server server.listen_success:160 — Listening on TCP address 192.168.2.76:8012
[2026-02-21 07:50:53,023] ERROR django.request log.log_response:246 — Internal Server Error: /desk/accounts/login/
Traceback (most recent call last):
  File "/opt/jerish/Projects/Customer_Ticketing/env/lib64/python3.12/site-packages/asgiref/sync.py", line 557, in thread_handler
    raise exc_info[1]
  File "/opt/jerish/Projects/Customer_Ticketing/env/lib64/python3.12/site-packages/django/core/handlers/exception.py", line 42, in inner
    response = await get_response(request)
               ^^^^^^^^^^^^^^^^^^^^^^^^^^^
  File "/opt/jerish/Projects/Customer_Ticketing/env/lib64/python3.12/site-packages/asgiref/sync.py", line 557, in thread_handler
    raise exc_info[1]
  File "/opt/jerish/Projects/Customer_Ticketing/env/lib64/python3.12/site-packages/django/core/handlers/base.py", line 253, in _get_response_async
    response = await wrapped_callback(
               ^^^^^^^^^^^^^^^^^^^^^^^
  File "/opt/jerish/Projects/Customer_Ticketing/env/lib64/python3.12/site-packages/asgiref/sync.py", line 506, in __call__
    ret = await asyncio.shield(exec_coro)
          ^^^^^^^^^^^^^^^^^^^^^^^^^^^^^^^
  File "/opt/jerish/Projects/Customer_Ticketing/env/lib64/python3.12/site-packages/asgiref/current_thread_executor.py", line 40, in run
    result = self.fn(*self.args, **self.kwargs)
             ^^^^^^^^^^^^^^^^^^^^^^^^^^^^^^^^^^
  File "/opt/jerish/Projects/Customer_Ticketing/env/lib64/python3.12/site-packages/asgiref/sync.py", line 561, in thread_handler
    return func(*args, **kwargs)
           ^^^^^^^^^^^^^^^^^^^^^
  File "/opt/jerish/Projects/Customer_Ticketing/accounts/views.py", line 35, in login_view
    return render(request, 'accounts/login.html')
           ^^^^^^^^^^^^^^^^^^^^^^^^^^^^^^^^^^^^^^
  File "/opt/jerish/Projects/Customer_Ticketing/env/lib64/python3.12/site-packages/django/shortcuts.py", line 24, in render
    content = loader.render_to_string(template_name, context, request, using=using)
              ^^^^^^^^^^^^^^^^^^^^^^^^^^^^^^^^^^^^^^^^^^^^^^^^^^^^^^^^^^^^^^^^^^^^^
  File "/opt/jerish/Projects/Customer_Ticketing/env/lib64/python3.12/site-packages/django/template/loader.py", line 62, in render_to_string
    return template.render(context, request)
           ^^^^^^^^^^^^^^^^^^^^^^^^^^^^^^^^^
  File "/opt/jerish/Projects/Customer_Ticketing/env/lib64/python3.12/site-packages/django/template/backends/django.py", line 61, in render
    return self.template.render(context)
           ^^^^^^^^^^^^^^^^^^^^^^^^^^^^^
  File "/opt/jerish/Projects/Customer_Ticketing/env/lib64/python3.12/site-packages/django/template/base.py", line 175, in render
    return self._render(context)
           ^^^^^^^^^^^^^^^^^^^^^
  File "/opt/jerish/Projects/Customer_Ticketing/env/lib64/python3.12/site-packages/django/template/base.py", line 167, in _render
    return self.nodelist.render(context)
           ^^^^^^^^^^^^^^^^^^^^^^^^^^^^^
  File "/opt/jerish/Projects/Customer_Ticketing/env/lib64/python3.12/site-packages/django/template/base.py", line 1005, in render
    return SafeString("".join([node.render_annotated(context) for node in self]))
                               ^^^^^^^^^^^^^^^^^^^^^^^^^^^^^^
  File "/opt/jerish/Projects/Customer_Ticketing/env/lib64/python3.12/site-packages/django/template/base.py", line 966, in render_annotated
    return self.render(context)
           ^^^^^^^^^^^^^^^^^^^^
  File "/opt/jerish/Projects/Customer_Ticketing/env/lib64/python3.12/site-packages/django/template/loader_tags.py", line 157, in render
    return compiled_parent._render(context)
           ^^^^^^^^^^^^^^^^^^^^^^^^^^^^^^^^
  File "/opt/jerish/Projects/Customer_Ticketing/env/lib64/python3.12/site-packages/django/template/base.py", line 167, in _render
    return self.nodelist.render(context)
           ^^^^^^^^^^^^^^^^^^^^^^^^^^^^^
  File "/opt/jerish/Projects/Customer_Ticketing/env/lib64/python3.12/site-packages/django/template/base.py", line 1005, in render
    return SafeString("".join([node.render_annotated(context) for node in self]))
                               ^^^^^^^^^^^^^^^^^^^^^^^^^^^^^^
  File "/opt/jerish/Projects/Customer_Ticketing/env/lib64/python3.12/site-packages/django/template/base.py", line 966, in render_annotated
    return self.render(context)
           ^^^^^^^^^^^^^^^^^^^^
  File "/opt/jerish/Projects/Customer_Ticketing/env/lib64/python3.12/site-packages/django/template/defaulttags.py", line 321, in render
    return nodelist.render(context)
           ^^^^^^^^^^^^^^^^^^^^^^^^
  File "/opt/jerish/Projects/Customer_Ticketing/env/lib64/python3.12/site-packages/django/template/base.py", line 1005, in render
    return SafeString("".join([node.render_annotated(context) for node in self]))
                               ^^^^^^^^^^^^^^^^^^^^^^^^^^^^^^
  File "/opt/jerish/Projects/Customer_Ticketing/env/lib64/python3.12/site-packages/django/template/base.py", line 966, in render_annotated
    return self.render(context)
           ^^^^^^^^^^^^^^^^^^^^
  File "/opt/jerish/Projects/Customer_Ticketing/env/lib64/python3.12/site-packages/django/template/loader_tags.py", line 63, in render
    result = block.nodelist.render(context)
             ^^^^^^^^^^^^^^^^^^^^^^^^^^^^^^
  File "/opt/jerish/Projects/Customer_Ticketing/env/lib64/python3.12/site-packages/django/template/base.py", line 1005, in render
    return SafeString("".join([node.render_annotated(context) for node in self]))
                               ^^^^^^^^^^^^^^^^^^^^^^^^^^^^^^
  File "/opt/jerish/Projects/Customer_Ticketing/env/lib64/python3.12/site-packages/django/template/base.py", line 966, in render_annotated
    return self.render(context)
           ^^^^^^^^^^^^^^^^^^^^
  File "/opt/jerish/Projects/Customer_Ticketing/env/lib64/python3.12/site-packages/django/template/library.py", line 237, in render
    output = self.func(*resolved_args, **resolved_kwargs)
             ^^^^^^^^^^^^^^^^^^^^^^^^^^^^^^^^^^^^^^^^^^^^
  File "/opt/jerish/Projects/Customer_Ticketing/env/lib64/python3.12/site-packages/allauth/socialaccount/templatetags/socialaccount.py", line 21, in provider_login_url
    provider = adapter.get_provider(request, provider)
               ^^^^^^^^^^^^^^^^^^^^^^^^^^^^^^^^^^^^^^^
  File "/opt/jerish/Projects/Customer_Ticketing/env/lib64/python3.12/site-packages/allauth/socialaccount/adapter.py", line 212, in get_provider
    app = self.get_app(request, provider=provider, client_id=client_id)
          ^^^^^^^^^^^^^^^^^^^^^^^^^^^^^^^^^^^^^^^^^^^^^^^^^^^^^^^^^^^^^
  File "/opt/jerish/Projects/Customer_Ticketing/env/lib64/python3.12/site-packages/allauth/socialaccount/adapter.py", line 302, in get_app
    raise SocialApp.DoesNotExist()
allauth.socialaccount.models.SocialApp.DoesNotExist
[2026-02-21 07:51:33,386] INFO jeyaramadesk audit.__call__:27 — AUDIT | POST /desk/admin/login/ | User: jerish@jeyarama.com | IP: 192.168.0.1 | Status: 302
[2026-02-21 07:53:02,251] INFO jeyaramadesk audit.__call__:27 — AUDIT | POST /desk/admin/login/ | User: jerish@jeyarama.com | IP: 192.168.0.1 | Status: 302
[2026-02-21 07:56:47,892] INFO jeyaramadesk audit.__call__:27 — AUDIT | POST /desk/admin/login/ | User: jerish@jeyarama.com | IP: 192.168.0.1 | Status: 302
[2026-02-21 07:57:19,992] WARNING django.security.csrf log.log_response:246 — Forbidden (CSRF cookie not set.): /desk/admin/login/
[2026-02-21 07:57:28,940] INFO jeyaramadesk audit.__call__:27 — AUDIT | POST /desk/admin/login/ | User: jerish@jeyarama.com | IP: 192.168.0.1 | Status: 302
[2026-02-21 07:59:05,040] INFO daphne.server server.kill_all_applications:322 — Killed 0 pending application instances
[2026-02-21 07:59:06,633] INFO daphne.cli cli.run:268 — Starting server at tcp:port=8012:interface=192.168.2.76
[2026-02-21 07:59:06,633] INFO daphne.server server.run:120 — HTTP/2 support not enabled (install the http2 and tls Twisted extras)
[2026-02-21 07:59:06,634] INFO daphne.server server.run:129 — Configuring endpoint tcp:port=8012:interface=192.168.2.76
[2026-02-21 07:59:06,635] INFO daphne.server server.listen_success:160 — Listening on TCP address 192.168.2.76:8012
[2026-02-21 08:01:28,883] INFO jeyaramadesk audit.__call__:27 — AUDIT | POST /desk/admin/sites/site/1/change/ | User: jerish@jeyarama.com | IP: 192.168.0.1 | Status: 302
[2026-02-21 08:02:15,947] INFO jeyaramadesk audit.__call__:27 — AUDIT | POST /desk/admin/socialaccount/socialapp/add/ | User: jerish@jeyarama.com | IP: 192.168.0.1 | Status: 302
[2026-02-21 08:05:57,083] INFO jeyaramadesk account_service.login_user:60 — User jerish@jeyarama.com logged in from 192.168.0.1
[2026-02-21 08:05:57,084] INFO jeyaramadesk audit.__call__:27 — AUDIT | POST /desk/accounts/login/ | User: jerish@jeyarama.com | IP: 192.168.0.1 | Status: 302
[2026-02-21 08:06:03,065] WARNING django.security.csrf log.log_response:246 — Forbidden (CSRF token from POST incorrect.): /desk/accounts/login/
[2026-02-21 08:06:03,072] INFO jeyaramadesk audit.__call__:27 — AUDIT | POST /desk/accounts/login/ | User: jerish@jeyarama.com | IP: 192.168.0.1 | Status: 403
[2026-02-21 08:08:49,596] INFO daphne.server server.kill_all_applications:322 — Killed 0 pending application instances
[2026-02-21 08:08:51,294] INFO daphne.cli cli.run:268 — Starting server at tcp:port=8012:interface=192.168.2.76
[2026-02-21 08:08:51,294] INFO daphne.server server.run:120 — HTTP/2 support not enabled (install the http2 and tls Twisted extras)
[2026-02-21 08:08:51,295] INFO daphne.server server.run:129 — Configuring endpoint tcp:port=8012:interface=192.168.2.76
[2026-02-21 08:08:51,295] INFO daphne.server server.listen_success:160 — Listening on TCP address 192.168.2.76:8012
[2026-02-21 08:09:18,645] INFO jeyaramadesk account_service.login_user:60 — User jerish@jeyarama.com logged in from 192.168.0.1
[2026-02-21 08:09:18,647] INFO jeyaramadesk audit.__call__:27 — AUDIT | POST /desk/accounts/login/ | User: jerish@jeyarama.com | IP: 192.168.0.1 | Status: 302
[2026-02-21 08:10:17,012] WARNING django.request log.log_response:246 — Not Found: /desk/dashboard/
[2026-02-21 08:21:56,649] INFO daphne.server server.kill_all_applications:322 — Killed 0 pending application instances
[2026-02-21 08:21:58,194] INFO daphne.cli cli.run:268 — Starting server at tcp:port=8012:interface=192.168.2.76
[2026-02-21 08:21:58,194] INFO daphne.server server.run:120 — HTTP/2 support not enabled (install the http2 and tls Twisted extras)
[2026-02-21 08:21:58,194] INFO daphne.server server.run:129 — Configuring endpoint tcp:port=8012:interface=192.168.2.76
[2026-02-21 08:21:58,195] INFO daphne.server server.listen_success:160 — Listening on TCP address 192.168.2.76:8012
[2026-02-21 08:22:32,413] INFO jeyaramadesk account_service.login_user:60 — User jerish@jeyarama.com logged in from 192.168.0.1
[2026-02-21 08:22:32,414] INFO jeyaramadesk audit.__call__:27 — AUDIT | POST /desk/accounts/login/ | User: jerish@jeyarama.com | IP: 192.168.0.1 | Status: 302
[2026-02-21 08:23:17,038] INFO jeyaramadesk account_service.login_user:60 — User jerish@jeyarama.com logged in from 192.168.0.1
[2026-02-21 08:23:17,039] INFO jeyaramadesk audit.__call__:27 — AUDIT | POST /desk/accounts/login/ | User: jerish@jeyarama.com | IP: 192.168.0.1 | Status: 302
[2026-02-21 08:24:55,065] INFO daphne.server server.kill_all_applications:322 — Killed 0 pending application instances
[2026-02-21 08:24:56,599] INFO daphne.cli cli.run:268 — Starting server at tcp:port=8012:interface=192.168.2.76
[2026-02-21 08:24:56,600] INFO daphne.server server.run:120 — HTTP/2 support not enabled (install the http2 and tls Twisted extras)
[2026-02-21 08:24:56,600] INFO daphne.server server.run:129 — Configuring endpoint tcp:port=8012:interface=192.168.2.76
[2026-02-21 08:24:56,601] INFO daphne.server server.listen_success:160 — Listening on TCP address 192.168.2.76:8012
[2026-02-21 08:25:19,202] INFO jeyaramadesk account_service.login_user:60 — User jerish@jeyarama.com logged in from 192.168.0.1
[2026-02-21 08:25:19,203] INFO jeyaramadesk audit.__call__:27 — AUDIT | POST /desk/accounts/login/ | User: jerish@jeyarama.com | IP: 192.168.0.1 | Status: 302
[2026-02-21 08:26:23,674] INFO jeyaramadesk account_service.login_user:60 — User jerish@jeyarama.com logged in from 192.168.0.1
[2026-02-21 08:26:23,675] INFO jeyaramadesk audit.__call__:27 — AUDIT | POST /desk/accounts/login/ | User: jerish@jeyarama.com | IP: 192.168.0.1 | Status: 302
[2026-02-21 08:34:47,283] INFO daphne.server server.kill_all_applications:322 — Killed 0 pending application instances
[2026-02-21 08:34:48,926] INFO daphne.cli cli.run:268 — Starting server at tcp:port=8012:interface=192.168.2.76
[2026-02-21 08:34:48,926] INFO daphne.server server.run:120 — HTTP/2 support not enabled (install the http2 and tls Twisted extras)
[2026-02-21 08:34:48,927] INFO daphne.server server.run:129 — Configuring endpoint tcp:port=8012:interface=192.168.2.76
[2026-02-21 08:34:48,927] INFO daphne.server server.listen_success:160 — Listening on TCP address 192.168.2.76:8012
[2026-02-21 08:35:31,336] INFO jeyaramadesk account_service.login_user:60 — User jerish@jeyarama.com logged in from 192.168.0.1
[2026-02-21 08:35:31,337] INFO jeyaramadesk audit.__call__:27 — AUDIT | POST /desk/accounts/login/ | User: jerish@jeyarama.com | IP: 192.168.0.1 | Status: 302
[2026-02-21 08:36:48,728] INFO daphne.server server.kill_all_applications:322 — Killed 0 pending application instances
[2026-02-21 08:36:51,962] INFO daphne.cli cli.run:268 — Starting server at tcp:port=8012:interface=192.168.2.76
[2026-02-21 08:36:51,962] INFO daphne.server server.run:120 — HTTP/2 support not enabled (install the http2 and tls Twisted extras)
[2026-02-21 08:36:51,962] INFO daphne.server server.run:129 — Configuring endpoint tcp:port=8012:interface=192.168.2.76
[2026-02-21 08:36:51,963] INFO daphne.server server.listen_success:160 — Listening on TCP address 192.168.2.76:8012
[2026-02-21 08:38:18,170] INFO jeyaramadesk account_service.login_user:60 — User jerish@jeyarama.com logged in from 192.168.0.1
[2026-02-21 08:38:18,171] INFO jeyaramadesk audit.__call__:27 — AUDIT | POST /desk/accounts/login/ | User: jerish@jeyarama.com | IP: 192.168.0.1 | Status: 302
[2026-02-21 08:42:30,320] INFO daphne.server server.kill_all_applications:322 — Killed 0 pending application instances
[2026-02-21 08:42:31,994] INFO daphne.cli cli.run:268 — Starting server at tcp:port=8012:interface=192.168.2.76
[2026-02-21 08:42:31,995] INFO daphne.server server.run:120 — HTTP/2 support not enabled (install the http2 and tls Twisted extras)
[2026-02-21 08:42:31,995] INFO daphne.server server.run:129 — Configuring endpoint tcp:port=8012:interface=192.168.2.76
[2026-02-21 08:42:31,996] INFO daphne.server server.listen_success:160 — Listening on TCP address 192.168.2.76:8012
[2026-02-21 08:43:05,208] INFO jeyaramadesk account_service.login_user:60 — User jerish@jeyarama.com logged in from 192.168.0.1
[2026-02-21 08:43:05,209] INFO jeyaramadesk audit.__call__:27 — AUDIT | POST /desk/accounts/login/ | User: jerish@jeyarama.com | IP: 192.168.0.1 | Status: 302
[2026-02-21 08:48:46,332] INFO daphne.server server.kill_all_applications:322 — Killed 0 pending application instances
[2026-02-21 08:48:47,776] INFO daphne.cli cli.run:268 — Starting server at tcp:port=8012:interface=192.168.2.76
[2026-02-21 08:48:47,776] INFO daphne.server server.run:120 — HTTP/2 support not enabled (install the http2 and tls Twisted extras)
[2026-02-21 08:48:47,776] INFO daphne.server server.run:129 — Configuring endpoint tcp:port=8012:interface=192.168.2.76
[2026-02-21 08:48:47,777] INFO daphne.server server.listen_success:160 — Listening on TCP address 192.168.2.76:8012
[2026-02-21 08:49:19,408] INFO jeyaramadesk account_service.login_user:60 — User jerish@jeyarama.com logged in from 192.168.0.1
[2026-02-21 08:49:19,409] INFO jeyaramadesk audit.__call__:27 — AUDIT | POST /desk/accounts/login/ | User: jerish@jeyarama.com | IP: 192.168.0.1 | Status: 302
[2026-02-21 09:09:43,894] INFO daphne.server server.kill_all_applications:322 — Killed 0 pending application instances
[2026-02-21 09:09:45,655] INFO daphne.cli cli.run:268 — Starting server at tcp:port=8012:interface=192.168.2.76
[2026-02-21 09:09:45,656] INFO daphne.server server.run:120 — HTTP/2 support not enabled (install the http2 and tls Twisted extras)
[2026-02-21 09:09:45,656] INFO daphne.server server.run:129 — Configuring endpoint tcp:port=8012:interface=192.168.2.76
[2026-02-21 09:09:45,657] INFO daphne.server server.listen_success:160 — Listening on TCP address 192.168.2.76:8012
[2026-02-21 09:12:15,168] INFO jeyaramadesk notification_service.create_notification:43 — Notification created: "New Ticket Created" → jerish@jeyarama.com
[2026-02-21 09:12:15,173] ERROR jeyaramadesk ticket_service.create_ticket:57 — Automation error for ticket JRD-RLKMLW: type object 'AutomationService' has no attribute 'run_ticket_automations'
[2026-02-21 09:12:15,173] INFO jeyaramadesk ticket_service.create_ticket:59 — Ticket created: JRD-RLKMLW by jerish220@gmail.com
[2026-02-21 09:12:15,176] INFO jeyaramadesk audit.__call__:27 — AUDIT | POST /desk/tickets/create/ | User: jerish220@gmail.com | IP: 192.168.0.1 | Status: 302
[2026-02-21 09:14:40,883] INFO jeyaramadesk notification_service.create_notification:43 — Notification created: "New Comment" → jerish220@gmail.com
[2026-02-21 09:14:40,889] INFO jeyaramadesk audit.__call__:27 — AUDIT | POST /desk/tickets/JRD-RLKMLW/comment/ | User: jerish@jeyarama.com | IP: 192.168.0.1 | Status: 302
[2026-02-21 09:15:01,962] INFO jeyaramadesk audit.__call__:27 — AUDIT | POST /desk/tickets/JRD-RLKMLW/comment/ | User: jerish220@gmail.com | IP: 192.168.0.1 | Status: 302
[2026-02-21 09:15:39,617] INFO jeyaramadesk notification_service.create_notification:43 — Notification created: "New Comment" → jerish220@gmail.com
[2026-02-21 09:15:39,621] INFO jeyaramadesk audit.__call__:27 — AUDIT | POST /desk/tickets/JRD-RLKMLW/comment/ | User: jerish@jeyarama.com | IP: 192.168.0.1 | Status: 302
[2026-02-21 09:15:56,033] INFO jeyaramadesk audit.__call__:27 — AUDIT | POST /desk/tickets/JRD-RLKMLW/comment/ | User: jerish220@gmail.com | IP: 192.168.0.1 | Status: 302
[2026-02-21 09:16:46,544] INFO jeyaramadesk audit.__call__:27 — AUDIT | POST /desk/chat/start/ | User: jerish220@gmail.com | IP: 192.168.0.1 | Status: 302
[2026-02-21 09:28:33,689] INFO daphne.server server.kill_all_applications:322 — Killed 0 pending application instances
[2026-02-21 09:28:35,227] INFO daphne.cli cli.run:268 — Starting server at tcp:port=8012:interface=192.168.2.76
[2026-02-21 09:28:35,227] INFO daphne.server server.run:120 — HTTP/2 support not enabled (install the http2 and tls Twisted extras)
[2026-02-21 09:28:35,228] INFO daphne.server server.run:129 — Configuring endpoint tcp:port=8012:interface=192.168.2.76
[2026-02-21 09:28:35,229] INFO daphne.server server.listen_success:160 — Listening on TCP address 192.168.2.76:8012
[2026-02-21 09:28:39,305] DEBUG jeyaramadesk consumers.connect:38 — WS Chat connected: jerish220@gmail.com → room d10de7e7-a53d-4581-ad19-d6e5010aaf40
[2026-02-21 09:28:42,060] DEBUG jeyaramadesk consumers.connect:38 — WS Chat connected: jerish220@gmail.com → room d10de7e7-a53d-4581-ad19-d6e5010aaf40
[2026-02-21 09:28:51,518] DEBUG jeyaramadesk consumers.connect:38 — WS Chat connected: jerish@jeyarama.com → room d10de7e7-a53d-4581-ad19-d6e5010aaf40
[2026-02-21 09:28:51,554] DEBUG jeyaramadesk consumers.connect:38 — WS Chat connected: jerish@jeyarama.com → room d10de7e7-a53d-4581-ad19-d6e5010aaf40
[2026-02-21 09:30:35,370] DEBUG jeyaramadesk consumers.connect:26 — WS connected: jerish220@gmail.com
[2026-02-21 09:30:37,908] INFO jeyaramadesk audit.__call__:27 — AUDIT | POST /desk/notifications/mark-all-read/ | User: jerish220@gmail.com | IP: 192.168.0.1 | Status: 200
[2026-02-21 09:30:38,028] DEBUG jeyaramadesk consumers.disconnect:34 — WS disconnected: jerish220@gmail.com
